<?xml version="1.0" encoding="UTF-8"?>
<testsuite xmlns:xsi="http://www.w3.org/2001/XMLSchema-instance" xsi:noNamespaceSchemaLocation="https://maven.apache.org/surefire/maven-surefire-plugin/xsd/surefire-test-report.xsd" name="fr.bikach.ouiscnf.xspeedIt.BoxCounterTest" time="0.075" tests="9" errors="0" skipped="0" failures="0">
  <properties>
    <property name="gopherProxySet" value="false"/>
    <property name="awt.toolkit" value="sun.lwawt.macosx.LWCToolkit"/>
    <property name="file.encoding.pkg" value="sun.io"/>
    <property name="java.specification.version" value="1.8"/>
    <property name="sun.cpu.isalist" value=""/>
    <property name="sun.jnu.encoding" value="UTF-8"/>
    <property name="java.class.path" value="/Users/chakib_houd/personalWorkspace/projects/XspeedIt/target/test-classes:/Users/chakib_houd/personalWorkspace/projects/XspeedIt/target/classes:/Users/chakib_houd/.m2/repository/org/junit/jupiter/junit-jupiter/5.4.2/junit-jupiter-5.4.2.jar:/Users/chakib_houd/.m2/repository/org/junit/jupiter/junit-jupiter-api/5.4.2/junit-jupiter-api-5.4.2.jar:/Users/chakib_houd/.m2/repository/org/apiguardian/apiguardian-api/1.0.0/apiguardian-api-1.0.0.jar:/Users/chakib_houd/.m2/repository/org/opentest4j/opentest4j/1.1.1/opentest4j-1.1.1.jar:/Users/chakib_houd/.m2/repository/org/junit/platform/junit-platform-commons/1.4.2/junit-platform-commons-1.4.2.jar:/Users/chakib_houd/.m2/repository/org/junit/jupiter/junit-jupiter-params/5.4.2/junit-jupiter-params-5.4.2.jar:/Users/chakib_houd/.m2/repository/org/junit/jupiter/junit-jupiter-engine/5.4.2/junit-jupiter-engine-5.4.2.jar:/Users/chakib_houd/.m2/repository/org/junit/platform/junit-platform-engine/1.4.2/junit-platform-engine-1.4.2.jar:"/>
    <property name="java.vm.vendor" value="AdoptOpenJDK"/>
    <property name="sun.arch.data.model" value="64"/>
    <property name="java.vendor.url" value="http://java.oracle.com/"/>
    <property name="user.timezone" value=""/>
    <property name="java.vm.specification.version" value="1.8"/>
    <property name="os.name" value="Mac OS X"/>
    <property name="user.country" value="FR"/>
    <property name="sun.java.launcher" value="SUN_STANDARD"/>
    <property name="sun.boot.library.path" value="/Library/Java/JavaVirtualMachines/adoptopenjdk-8.jdk/Contents/Home/jre/lib"/>
    <property name="sun.java.command" value="/Users/chakib_houd/personalWorkspace/projects/XspeedIt/target/surefire/surefirebooter4320450295014357404.jar /Users/chakib_houd/personalWorkspace/projects/XspeedIt/target/surefire 2021-05-16T16-43-49_750-jvmRun1 surefire2712202939680587409tmp surefire_03551551710382082164tmp"/>
    <property name="surefire.test.class.path" value="/Users/chakib_houd/personalWorkspace/projects/XspeedIt/target/test-classes:/Users/chakib_houd/personalWorkspace/projects/XspeedIt/target/classes:/Users/chakib_houd/.m2/repository/org/junit/jupiter/junit-jupiter/5.4.2/junit-jupiter-5.4.2.jar:/Users/chakib_houd/.m2/repository/org/junit/jupiter/junit-jupiter-api/5.4.2/junit-jupiter-api-5.4.2.jar:/Users/chakib_houd/.m2/repository/org/apiguardian/apiguardian-api/1.0.0/apiguardian-api-1.0.0.jar:/Users/chakib_houd/.m2/repository/org/opentest4j/opentest4j/1.1.1/opentest4j-1.1.1.jar:/Users/chakib_houd/.m2/repository/org/junit/platform/junit-platform-commons/1.4.2/junit-platform-commons-1.4.2.jar:/Users/chakib_houd/.m2/repository/org/junit/jupiter/junit-jupiter-params/5.4.2/junit-jupiter-params-5.4.2.jar:/Users/chakib_houd/.m2/repository/org/junit/jupiter/junit-jupiter-engine/5.4.2/junit-jupiter-engine-5.4.2.jar:/Users/chakib_houd/.m2/repository/org/junit/platform/junit-platform-engine/1.4.2/junit-platform-engine-1.4.2.jar:"/>
    <property name="sun.cpu.endian" value="little"/>
    <property name="user.home" value="/Users/chakib_houd"/>
    <property name="user.language" value="fr"/>
    <property name="java.specification.vendor" value="Oracle Corporation"/>
    <property name="java.home" value="/Library/Java/JavaVirtualMachines/adoptopenjdk-8.jdk/Contents/Home/jre"/>
    <property name="basedir" value="/Users/chakib_houd/personalWorkspace/projects/XspeedIt"/>
    <property name="file.separator" value="/"/>
    <property name="line.separator" value="&#10;"/>
    <property name="java.vm.specification.vendor" value="Oracle Corporation"/>
    <property name="java.specification.name" value="Java Platform API Specification"/>
    <property name="java.awt.graphicsenv" value="sun.awt.CGraphicsEnvironment"/>
    <property name="surefire.real.class.path" value="/Users/chakib_houd/personalWorkspace/projects/XspeedIt/target/surefire/surefirebooter4320450295014357404.jar"/>
    <property name="sun.boot.class.path" value="/Library/Java/JavaVirtualMachines/adoptopenjdk-8.jdk/Contents/Home/jre/lib/resources.jar:/Library/Java/JavaVirtualMachines/adoptopenjdk-8.jdk/Contents/Home/jre/lib/rt.jar:/Library/Java/JavaVirtualMachines/adoptopenjdk-8.jdk/Contents/Home/jre/lib/sunrsasign.jar:/Library/Java/JavaVirtualMachines/adoptopenjdk-8.jdk/Contents/Home/jre/lib/jsse.jar:/Library/Java/JavaVirtualMachines/adoptopenjdk-8.jdk/Contents/Home/jre/lib/jce.jar:/Library/Java/JavaVirtualMachines/adoptopenjdk-8.jdk/Contents/Home/jre/lib/charsets.jar:/Library/Java/JavaVirtualMachines/adoptopenjdk-8.jdk/Contents/Home/jre/lib/jfr.jar:/Library/Java/JavaVirtualMachines/adoptopenjdk-8.jdk/Contents/Home/jre/classes"/>
    <property name="sun.management.compiler" value="HotSpot 64-Bit Tiered Compilers"/>
    <property name="java.runtime.version" value="1.8.0_252-b09"/>
    <property name="user.name" value="chakib_houd"/>
    <property name="path.separator" value=":"/>
    <property name="os.version" value="10.15.7"/>
    <property name="java.endorsed.dirs" value="/Library/Java/JavaVirtualMachines/adoptopenjdk-8.jdk/Contents/Home/jre/lib/endorsed"/>
    <property name="java.runtime.name" value="OpenJDK Runtime Environment"/>
    <property name="file.encoding" value="UTF-8"/>
    <property name="java.vm.name" value="OpenJDK 64-Bit Server VM"/>
    <property name="localRepository" value="/Users/chakib_houd/.m2/repository"/>
    <property name="java.vendor.url.bug" value="http://bugreport.sun.com/bugreport/"/>
    <property name="java.io.tmpdir" value="/var/folders/kv/7nqh5rqs1v1773p3q5505584bcypy0/T/"/>
    <property name="idea.version" value="2020.3"/>
    <property name="java.version" value="1.8.0_252"/>
    <property name="user.dir" value="/Users/chakib_houd/personalWorkspace/projects/XspeedIt"/>
    <property name="os.arch" value="x86_64"/>
    <property name="java.vm.specification.name" value="Java Virtual Machine Specification"/>
    <property name="java.awt.printerjob" value="sun.lwawt.macosx.CPrinterJob"/>
    <property name="sun.os.patch.level" value="unknown"/>
    <property name="java.library.path" value="/Users/chakib_houd/Library/Java/Extensions:/Library/Java/Extensions:/Network/Library/Java/Extensions:/System/Library/Java/Extensions:/usr/lib/java:."/>
    <property name="java.vm.info" value="mixed mode"/>
    <property name="java.vendor" value="AdoptOpenJDK"/>
    <property name="java.vm.version" value="25.252-b09"/>
    <property name="java.ext.dirs" value="/Users/chakib_houd/Library/Java/Extensions:/Library/Java/JavaVirtualMachines/adoptopenjdk-8.jdk/Contents/Home/jre/lib/ext:/Library/Java/Extensions:/Network/Library/Java/Extensions:/System/Library/Java/Extensions:/usr/lib/java"/>
    <property name="sun.io.unicode.encoding" value="UnicodeBig"/>
    <property name="java.class.version" value="52.0"/>
  </properties>
  <testcase name="shouldReturnOneBoxWhenTheTotalSizeArticlesIsSmallerThanMediumSize" classname="fr.bikach.ouiscnf.xspeedIt.BoxCounterTest$MoreThreeArticles" time="0.018"/>
  <testcase name="shouldReturnOneBoxWhenTheTotalSizeArticlesIsSmallerThanMediumSize" classname="fr.bikach.ouiscnf.xspeedIt.BoxCounterTest$TwoArticles" time="0.006"/>
  <testcase name="shouldReturnThreeBoxesWhenTheTotalSizeOfTwoLotsOfArticlesIsGreaterThanMediumSize" classname="fr.bikach.ouiscnf.xspeedIt.BoxCounterTest$MoreThreeArticles" time="0.001"/>
  <testcase name="shouldReturnTwoBoxesWhenTheTotalSizeOfALotOfArticlesIsGreaterThanMediumSize" classname="fr.bikach.ouiscnf.xspeedIt.BoxCounterTest$MoreThreeArticles" time="0.003"/>
  <testcase name="shouldReturnFourBoxes" classname="fr.bikach.ouiscnf.xspeedIt.BoxCounterTest$MoreThreeArticles" time="0.001"/>
  <testcase name="shouldReturnTheSameNumberOfBoxesAsTheExample" classname="fr.bikach.ouiscnf.xspeedIt.BoxCounterTest$MoreThreeArticles" time="0.001"/>
  <testcase name="shouldReturnTwoBoxWhenTheTotalSizeArticlesIsGreaterThanMediumSize" classname="fr.bikach.ouiscnf.xspeedIt.BoxCounterTest$TwoArticles" time="0.003"/>
  <testcase name="shouldReturnOneBoxWhenTheSizeArticleIsSmallerThanMediumSize" classname="fr.bikach.ouiscnf.xspeedIt.BoxCounterTest$OnlyOneArticle" time="0"/>
  <testcase name="shouldReturnOneBoxWhenTheSizeArticleIsGreaterThanMediumSize" classname="fr.bikach.ouiscnf.xspeedIt.BoxCounterTest$OnlyOneArticle" time="0.002"/>
</testsuite>